<?xml version="1.0" encoding="UTF-8"?>
<testsuite xmlns:xsi="http://www.w3.org/2001/XMLSchema-instance" xsi:noNamespaceSchemaLocation="https://maven.apache.org/surefire/maven-surefire-plugin/xsd/surefire-test-report.xsd" name="com.example.demo.DemoApplicationTests" time="2.91" tests="1" errors="0" skipped="0" failures="0">
  <properties>
    <property name="sun.desktop" value="windows"/>
    <property name="awt.toolkit" value="sun.awt.windows.WToolkit"/>
    <property name="file.encoding.pkg" value="sun.io"/>
    <property name="java.specification.version" value="1.8"/>
    <property name="sun.cpu.isalist" value="amd64"/>
    <property name="sun.jnu.encoding" value="GBK"/>
    <property name="java.class.path" value="D:\code_github\Dream_java\java_chatroom\target\test-classes;D:\code_github\Dream_java\java_chatroom\target\classes;D:\dependency\repository\org\springframework\boot\spring-boot-starter-web\2.7.14\spring-boot-starter-web-2.7.14.jar;D:\dependency\repository\org\springframework\boot\spring-boot-starter\2.7.14\spring-boot-starter-2.7.14.jar;D:\dependency\repository\org\springframework\boot\spring-boot\2.7.14\spring-boot-2.7.14.jar;D:\dependency\repository\org\springframework\boot\spring-boot-autoconfigure\2.7.14\spring-boot-autoconfigure-2.7.14.jar;D:\dependency\repository\org\springframework\boot\spring-boot-starter-logging\2.7.14\spring-boot-starter-logging-2.7.14.jar;D:\dependency\repository\ch\qos\logback\logback-classic\1.2.12\logback-classic-1.2.12.jar;D:\dependency\repository\ch\qos\logback\logback-core\1.2.12\logback-core-1.2.12.jar;D:\dependency\repository\org\apache\logging\log4j\log4j-to-slf4j\2.17.2\log4j-to-slf4j-2.17.2.jar;D:\dependency\repository\org\apache\logging\log4j\log4j-api\2.17.2\log4j-api-2.17.2.jar;D:\dependency\repository\org\slf4j\jul-to-slf4j\1.7.36\jul-to-slf4j-1.7.36.jar;D:\dependency\repository\jakarta\annotation\jakarta.annotation-api\1.3.5\jakarta.annotation-api-1.3.5.jar;D:\dependency\repository\org\yaml\snakeyaml\1.30\snakeyaml-1.30.jar;D:\dependency\repository\org\springframework\boot\spring-boot-starter-json\2.7.14\spring-boot-starter-json-2.7.14.jar;D:\dependency\repository\com\fasterxml\jackson\datatype\jackson-datatype-jdk8\2.13.5\jackson-datatype-jdk8-2.13.5.jar;D:\dependency\repository\com\fasterxml\jackson\datatype\jackson-datatype-jsr310\2.13.5\jackson-datatype-jsr310-2.13.5.jar;D:\dependency\repository\com\fasterxml\jackson\module\jackson-module-parameter-names\2.13.5\jackson-module-parameter-names-2.13.5.jar;D:\dependency\repository\org\springframework\boot\spring-boot-starter-tomcat\2.7.14\spring-boot-starter-tomcat-2.7.14.jar;D:\dependency\repository\org\apache\tomcat\embed\tomcat-embed-core\9.0.78\tomcat-embed-core-9.0.78.jar;D:\dependency\repository\org\apache\tomcat\embed\tomcat-embed-el\9.0.78\tomcat-embed-el-9.0.78.jar;D:\dependency\repository\org\apache\tomcat\embed\tomcat-embed-websocket\9.0.78\tomcat-embed-websocket-9.0.78.jar;D:\dependency\repository\org\springframework\spring-web\5.3.29\spring-web-5.3.29.jar;D:\dependency\repository\org\springframework\spring-beans\5.3.29\spring-beans-5.3.29.jar;D:\dependency\repository\org\springframework\spring-webmvc\5.3.29\spring-webmvc-5.3.29.jar;D:\dependency\repository\org\springframework\spring-aop\5.3.29\spring-aop-5.3.29.jar;D:\dependency\repository\org\springframework\spring-context\5.3.29\spring-context-5.3.29.jar;D:\dependency\repository\org\springframework\spring-expression\5.3.29\spring-expression-5.3.29.jar;D:\dependency\repository\org\springframework\boot\spring-boot-starter-websocket\2.7.14\spring-boot-starter-websocket-2.7.14.jar;D:\dependency\repository\org\springframework\spring-messaging\5.3.29\spring-messaging-5.3.29.jar;D:\dependency\repository\org\springframework\spring-websocket\5.3.29\spring-websocket-5.3.29.jar;D:\dependency\repository\org\mybatis\spring\boot\mybatis-spring-boot-starter\2.3.1\mybatis-spring-boot-starter-2.3.1.jar;D:\dependency\repository\org\springframework\boot\spring-boot-starter-jdbc\2.7.14\spring-boot-starter-jdbc-2.7.14.jar;D:\dependency\repository\com\zaxxer\HikariCP\4.0.3\HikariCP-4.0.3.jar;D:\dependency\repository\org\springframework\spring-jdbc\5.3.29\spring-jdbc-5.3.29.jar;D:\dependency\repository\org\mybatis\spring\boot\mybatis-spring-boot-autoconfigure\2.3.1\mybatis-spring-boot-autoconfigure-2.3.1.jar;D:\dependency\repository\org\mybatis\mybatis\3.5.13\mybatis-3.5.13.jar;D:\dependency\repository\org\mybatis\mybatis-spring\2.1.1\mybatis-spring-2.1.1.jar;D:\dependency\repository\com\mysql\mysql-connector-j\8.0.33\mysql-connector-j-8.0.33.jar;D:\dependency\repository\org\springframework\boot\spring-boot-starter-test\2.7.14\spring-boot-starter-test-2.7.14.jar;D:\dependency\repository\org\springframework\boot\spring-boot-test\2.7.14\spring-boot-test-2.7.14.jar;D:\dependency\repository\org\springframework\boot\spring-boot-test-autoconfigure\2.7.14\spring-boot-test-autoconfigure-2.7.14.jar;D:\dependency\repository\com\jayway\jsonpath\json-path\2.7.0\json-path-2.7.0.jar;D:\dependency\repository\net\minidev\json-smart\2.4.11\json-smart-2.4.11.jar;D:\dependency\repository\net\minidev\accessors-smart\2.4.11\accessors-smart-2.4.11.jar;D:\dependency\repository\org\ow2\asm\asm\9.3\asm-9.3.jar;D:\dependency\repository\org\slf4j\slf4j-api\1.7.36\slf4j-api-1.7.36.jar;D:\dependency\repository\jakarta\xml\bind\jakarta.xml.bind-api\2.3.3\jakarta.xml.bind-api-2.3.3.jar;D:\dependency\repository\jakarta\activation\jakarta.activation-api\1.2.2\jakarta.activation-api-1.2.2.jar;D:\dependency\repository\org\assertj\assertj-core\3.22.0\assertj-core-3.22.0.jar;D:\dependency\repository\org\hamcrest\hamcrest\2.2\hamcrest-2.2.jar;D:\dependency\repository\org\junit\jupiter\junit-jupiter\5.8.2\junit-jupiter-5.8.2.jar;D:\dependency\repository\org\junit\jupiter\junit-jupiter-api\5.8.2\junit-jupiter-api-5.8.2.jar;D:\dependency\repository\org\opentest4j\opentest4j\1.2.0\opentest4j-1.2.0.jar;D:\dependency\repository\org\junit\platform\junit-platform-commons\1.8.2\junit-platform-commons-1.8.2.jar;D:\dependency\repository\org\apiguardian\apiguardian-api\1.1.2\apiguardian-api-1.1.2.jar;D:\dependency\repository\org\junit\jupiter\junit-jupiter-params\5.8.2\junit-jupiter-params-5.8.2.jar;D:\dependency\repository\org\junit\jupiter\junit-jupiter-engine\5.8.2\junit-jupiter-engine-5.8.2.jar;D:\dependency\repository\org\junit\platform\junit-platform-engine\1.8.2\junit-platform-engine-1.8.2.jar;D:\dependency\repository\org\mockito\mockito-core\4.5.1\mockito-core-4.5.1.jar;D:\dependency\repository\net\bytebuddy\byte-buddy\1.12.23\byte-buddy-1.12.23.jar;D:\dependency\repository\net\bytebuddy\byte-buddy-agent\1.12.23\byte-buddy-agent-1.12.23.jar;D:\dependency\repository\org\objenesis\objenesis\3.2\objenesis-3.2.jar;D:\dependency\repository\org\mockito\mockito-junit-jupiter\4.5.1\mockito-junit-jupiter-4.5.1.jar;D:\dependency\repository\org\skyscreamer\jsonassert\1.5.1\jsonassert-1.5.1.jar;D:\dependency\repository\com\vaadin\external\google\android-json\0.0.20131108.vaadin1\android-json-0.0.20131108.vaadin1.jar;D:\dependency\repository\org\springframework\spring-core\5.3.29\spring-core-5.3.29.jar;D:\dependency\repository\org\springframework\spring-jcl\5.3.29\spring-jcl-5.3.29.jar;D:\dependency\repository\org\springframework\spring-test\5.3.29\spring-test-5.3.29.jar;D:\dependency\repository\org\xmlunit\xmlunit-core\2.9.1\xmlunit-core-2.9.1.jar;D:\dependency\repository\org\mybatis\spring\boot\mybatis-spring-boot-starter-test\2.3.1\mybatis-spring-boot-starter-test-2.3.1.jar;D:\dependency\repository\org\mybatis\spring\boot\mybatis-spring-boot-test-autoconfigure\2.3.1\mybatis-spring-boot-test-autoconfigure-2.3.1.jar;D:\dependency\repository\org\springframework\spring-tx\5.3.29\spring-tx-5.3.29.jar;D:\dependency\repository\org\projectlombok\lombok\1.18.28\lombok-1.18.28.jar;D:\dependency\repository\com\github\xiaoymin\knife4j-spring-boot-starter\3.0.2\knife4j-spring-boot-starter-3.0.2.jar;D:\dependency\repository\com\github\xiaoymin\knife4j-spring-boot-autoconfigure\3.0.2\knife4j-spring-boot-autoconfigure-3.0.2.jar;D:\dependency\repository\com\github\xiaoymin\knife4j-spring\3.0.2\knife4j-spring-3.0.2.jar;D:\dependency\repository\com\github\xiaoymin\knife4j-annotations\3.0.2\knife4j-annotations-3.0.2.jar;D:\dependency\repository\io\swagger\swagger-annotations\1.5.22\swagger-annotations-1.5.22.jar;D:\dependency\repository\io\swagger\core\v3\swagger-annotations\2.1.2\swagger-annotations-2.1.2.jar;D:\dependency\repository\com\github\xiaoymin\knife4j-core\3.0.2\knife4j-core-3.0.2.jar;D:\dependency\repository\org\javassist\javassist\3.25.0-GA\javassist-3.25.0-GA.jar;D:\dependency\repository\io\springfox\springfox-swagger2\3.0.0\springfox-swagger2-3.0.0.jar;D:\dependency\repository\io\springfox\springfox-spi\3.0.0\springfox-spi-3.0.0.jar;D:\dependency\repository\io\springfox\springfox-schema\3.0.0\springfox-schema-3.0.0.jar;D:\dependency\repository\io\springfox\springfox-swagger-common\3.0.0\springfox-swagger-common-3.0.0.jar;D:\dependency\repository\io\springfox\springfox-spring-web\3.0.0\springfox-spring-web-3.0.0.jar;D:\dependency\repository\io\github\classgraph\classgraph\4.8.83\classgraph-4.8.83.jar;D:\dependency\repository\io\springfox\springfox-spring-webflux\3.0.0\springfox-spring-webflux-3.0.0.jar;D:\dependency\repository\org\mapstruct\mapstruct\1.3.1.Final\mapstruct-1.3.1.Final.jar;D:\dependency\repository\io\springfox\springfox-spring-webmvc\3.0.0\springfox-spring-webmvc-3.0.0.jar;D:\dependency\repository\io\springfox\springfox-core\3.0.0\springfox-core-3.0.0.jar;D:\dependency\repository\io\springfox\springfox-oas\3.0.0\springfox-oas-3.0.0.jar;D:\dependency\repository\io\swagger\core\v3\swagger-models\2.1.2\swagger-models-2.1.2.jar;D:\dependency\repository\io\springfox\springfox-bean-validators\3.0.0\springfox-bean-validators-3.0.0.jar;D:\dependency\repository\io\swagger\swagger-models\1.5.22\swagger-models-1.5.22.jar;D:\dependency\repository\io\swagger\swagger-core\1.5.22\swagger-core-1.5.22.jar;D:\dependency\repository\org\apache\commons\commons-lang3\3.12.0\commons-lang3-3.12.0.jar;D:\dependency\repository\com\fasterxml\jackson\dataformat\jackson-dataformat-yaml\2.13.5\jackson-dataformat-yaml-2.13.5.jar;D:\dependency\repository\com\google\guava\guava\27.0.1-android\guava-27.0.1-android.jar;D:\dependency\repository\com\google\guava\failureaccess\1.0.1\failureaccess-1.0.1.jar;D:\dependency\repository\com\google\guava\listenablefuture\9999.0-empty-to-avoid-conflict-with-guava\listenablefuture-9999.0-empty-to-avoid-conflict-with-guava.jar;D:\dependency\repository\com\google\code\findbugs\jsr305\3.0.2\jsr305-3.0.2.jar;D:\dependency\repository\org\checkerframework\checker-compat-qual\2.5.2\checker-compat-qual-2.5.2.jar;D:\dependency\repository\com\google\errorprone\error_prone_annotations\2.2.0\error_prone_annotations-2.2.0.jar;D:\dependency\repository\com\google\j2objc\j2objc-annotations\1.1\j2objc-annotations-1.1.jar;D:\dependency\repository\org\codehaus\mojo\animal-sniffer-annotations\1.17\animal-sniffer-annotations-1.17.jar;D:\dependency\repository\javax\validation\validation-api\2.0.1.Final\validation-api-2.0.1.Final.jar;D:\dependency\repository\io\springfox\springfox-boot-starter\3.0.0\springfox-boot-starter-3.0.0.jar;D:\dependency\repository\io\springfox\springfox-data-rest\3.0.0\springfox-data-rest-3.0.0.jar;D:\dependency\repository\com\fasterxml\classmate\1.5.1\classmate-1.5.1.jar;D:\dependency\repository\org\springframework\plugin\spring-plugin-core\2.0.0.RELEASE\spring-plugin-core-2.0.0.RELEASE.jar;D:\dependency\repository\org\springframework\plugin\spring-plugin-metadata\2.0.0.RELEASE\spring-plugin-metadata-2.0.0.RELEASE.jar;D:\dependency\repository\com\github\xiaoymin\knife4j-spring-ui\3.0.2\knife4j-spring-ui-3.0.2.jar;D:\dependency\repository\com\aliyun\oss\aliyun-sdk-oss\3.15.1\aliyun-sdk-oss-3.15.1.jar;D:\dependency\repository\org\apache\httpcomponents\httpclient\4.5.14\httpclient-4.5.14.jar;D:\dependency\repository\org\apache\httpcomponents\httpcore\4.4.16\httpcore-4.4.16.jar;D:\dependency\repository\org\jdom\jdom2\2.0.6.1\jdom2-2.0.6.1.jar;D:\dependency\repository\org\codehaus\jettison\jettison\1.1\jettison-1.1.jar;D:\dependency\repository\stax\stax-api\1.0.1\stax-api-1.0.1.jar;D:\dependency\repository\com\aliyun\aliyun-java-sdk-core\4.5.10\aliyun-java-sdk-core-4.5.10.jar;D:\dependency\repository\com\google\code\gson\gson\2.9.1\gson-2.9.1.jar;D:\dependency\repository\commons-logging\commons-logging\1.2\commons-logging-1.2.jar;D:\dependency\repository\javax\xml\bind\jaxb-api\2.3.1\jaxb-api-2.3.1.jar;D:\dependency\repository\javax\activation\javax.activation-api\1.2.0\javax.activation-api-1.2.0.jar;D:\dependency\repository\org\jacoco\org.jacoco.agent\0.8.5\org.jacoco.agent-0.8.5-runtime.jar;D:\dependency\repository\org\ini4j\ini4j\0.5.4\ini4j-0.5.4.jar;D:\dependency\repository\io\opentracing\opentracing-api\0.33.0\opentracing-api-0.33.0.jar;D:\dependency\repository\io\opentracing\opentracing-util\0.33.0\opentracing-util-0.33.0.jar;D:\dependency\repository\io\opentracing\opentracing-noop\0.33.0\opentracing-noop-0.33.0.jar;D:\dependency\repository\com\aliyun\aliyun-java-sdk-ram\3.1.0\aliyun-java-sdk-ram-3.1.0.jar;D:\dependency\repository\com\aliyun\aliyun-java-sdk-kms\2.11.0\aliyun-java-sdk-kms-2.11.0.jar;D:\dependency\repository\com\auth0\java-jwt\3.4.0\java-jwt-3.4.0.jar;D:\dependency\repository\com\fasterxml\jackson\core\jackson-databind\2.13.5\jackson-databind-2.13.5.jar;D:\dependency\repository\com\fasterxml\jackson\core\jackson-annotations\2.13.5\jackson-annotations-2.13.5.jar;D:\dependency\repository\com\fasterxml\jackson\core\jackson-core\2.13.5\jackson-core-2.13.5.jar;D:\dependency\repository\commons-codec\commons-codec\1.15\commons-codec-1.15.jar;"/>
    <property name="java.vm.vendor" value="Oracle Corporation"/>
    <property name="sun.arch.data.model" value="64"/>
    <property name="user.variant" value=""/>
    <property name="java.vendor.url" value="http://java.oracle.com/"/>
    <property name="user.timezone" value="Asia/Shanghai"/>
    <property name="java.vm.specification.version" value="1.8"/>
    <property name="os.name" value="Windows 10"/>
    <property name="user.country" value="CN"/>
    <property name="sun.java.launcher" value="SUN_STANDARD"/>
    <property name="sun.boot.library.path" value="C:\Program Files\Java\jdk1.8.0_192\jre\bin"/>
    <property name="sun.java.command" value="C:\Users\86136\AppData\Local\Temp\surefire5170416568752198046\surefirebooter8811704447979154872.jar C:\Users\86136\AppData\Local\Temp\surefire5170416568752198046 2023-12-14T11-27-15_935-jvmRun1 surefire9038333723199547776tmp surefire_07440532053265299943tmp"/>
    <property name="surefire.test.class.path" value="D:\code_github\Dream_java\java_chatroom\target\test-classes;D:\code_github\Dream_java\java_chatroom\target\classes;D:\dependency\repository\org\springframework\boot\spring-boot-starter-web\2.7.14\spring-boot-starter-web-2.7.14.jar;D:\dependency\repository\org\springframework\boot\spring-boot-starter\2.7.14\spring-boot-starter-2.7.14.jar;D:\dependency\repository\org\springframework\boot\spring-boot\2.7.14\spring-boot-2.7.14.jar;D:\dependency\repository\org\springframework\boot\spring-boot-autoconfigure\2.7.14\spring-boot-autoconfigure-2.7.14.jar;D:\dependency\repository\org\springframework\boot\spring-boot-starter-logging\2.7.14\spring-boot-starter-logging-2.7.14.jar;D:\dependency\repository\ch\qos\logback\logback-classic\1.2.12\logback-classic-1.2.12.jar;D:\dependency\repository\ch\qos\logback\logback-core\1.2.12\logback-core-1.2.12.jar;D:\dependency\repository\org\apache\logging\log4j\log4j-to-slf4j\2.17.2\log4j-to-slf4j-2.17.2.jar;D:\dependency\repository\org\apache\logging\log4j\log4j-api\2.17.2\log4j-api-2.17.2.jar;D:\dependency\repository\org\slf4j\jul-to-slf4j\1.7.36\jul-to-slf4j-1.7.36.jar;D:\dependency\repository\jakarta\annotation\jakarta.annotation-api\1.3.5\jakarta.annotation-api-1.3.5.jar;D:\dependency\repository\org\yaml\snakeyaml\1.30\snakeyaml-1.30.jar;D:\dependency\repository\org\springframework\boot\spring-boot-starter-json\2.7.14\spring-boot-starter-json-2.7.14.jar;D:\dependency\repository\com\fasterxml\jackson\datatype\jackson-datatype-jdk8\2.13.5\jackson-datatype-jdk8-2.13.5.jar;D:\dependency\repository\com\fasterxml\jackson\datatype\jackson-datatype-jsr310\2.13.5\jackson-datatype-jsr310-2.13.5.jar;D:\dependency\repository\com\fasterxml\jackson\module\jackson-module-parameter-names\2.13.5\jackson-module-parameter-names-2.13.5.jar;D:\dependency\repository\org\springframework\boot\spring-boot-starter-tomcat\2.7.14\spring-boot-starter-tomcat-2.7.14.jar;D:\dependency\repository\org\apache\tomcat\embed\tomcat-embed-core\9.0.78\tomcat-embed-core-9.0.78.jar;D:\dependency\repository\org\apache\tomcat\embed\tomcat-embed-el\9.0.78\tomcat-embed-el-9.0.78.jar;D:\dependency\repository\org\apache\tomcat\embed\tomcat-embed-websocket\9.0.78\tomcat-embed-websocket-9.0.78.jar;D:\dependency\repository\org\springframework\spring-web\5.3.29\spring-web-5.3.29.jar;D:\dependency\repository\org\springframework\spring-beans\5.3.29\spring-beans-5.3.29.jar;D:\dependency\repository\org\springframework\spring-webmvc\5.3.29\spring-webmvc-5.3.29.jar;D:\dependency\repository\org\springframework\spring-aop\5.3.29\spring-aop-5.3.29.jar;D:\dependency\repository\org\springframework\spring-context\5.3.29\spring-context-5.3.29.jar;D:\dependency\repository\org\springframework\spring-expression\5.3.29\spring-expression-5.3.29.jar;D:\dependency\repository\org\springframework\boot\spring-boot-starter-websocket\2.7.14\spring-boot-starter-websocket-2.7.14.jar;D:\dependency\repository\org\springframework\spring-messaging\5.3.29\spring-messaging-5.3.29.jar;D:\dependency\repository\org\springframework\spring-websocket\5.3.29\spring-websocket-5.3.29.jar;D:\dependency\repository\org\mybatis\spring\boot\mybatis-spring-boot-starter\2.3.1\mybatis-spring-boot-starter-2.3.1.jar;D:\dependency\repository\org\springframework\boot\spring-boot-starter-jdbc\2.7.14\spring-boot-starter-jdbc-2.7.14.jar;D:\dependency\repository\com\zaxxer\HikariCP\4.0.3\HikariCP-4.0.3.jar;D:\dependency\repository\org\springframework\spring-jdbc\5.3.29\spring-jdbc-5.3.29.jar;D:\dependency\repository\org\mybatis\spring\boot\mybatis-spring-boot-autoconfigure\2.3.1\mybatis-spring-boot-autoconfigure-2.3.1.jar;D:\dependency\repository\org\mybatis\mybatis\3.5.13\mybatis-3.5.13.jar;D:\dependency\repository\org\mybatis\mybatis-spring\2.1.1\mybatis-spring-2.1.1.jar;D:\dependency\repository\com\mysql\mysql-connector-j\8.0.33\mysql-connector-j-8.0.33.jar;D:\dependency\repository\org\springframework\boot\spring-boot-starter-test\2.7.14\spring-boot-starter-test-2.7.14.jar;D:\dependency\repository\org\springframework\boot\spring-boot-test\2.7.14\spring-boot-test-2.7.14.jar;D:\dependency\repository\org\springframework\boot\spring-boot-test-autoconfigure\2.7.14\spring-boot-test-autoconfigure-2.7.14.jar;D:\dependency\repository\com\jayway\jsonpath\json-path\2.7.0\json-path-2.7.0.jar;D:\dependency\repository\net\minidev\json-smart\2.4.11\json-smart-2.4.11.jar;D:\dependency\repository\net\minidev\accessors-smart\2.4.11\accessors-smart-2.4.11.jar;D:\dependency\repository\org\ow2\asm\asm\9.3\asm-9.3.jar;D:\dependency\repository\org\slf4j\slf4j-api\1.7.36\slf4j-api-1.7.36.jar;D:\dependency\repository\jakarta\xml\bind\jakarta.xml.bind-api\2.3.3\jakarta.xml.bind-api-2.3.3.jar;D:\dependency\repository\jakarta\activation\jakarta.activation-api\1.2.2\jakarta.activation-api-1.2.2.jar;D:\dependency\repository\org\assertj\assertj-core\3.22.0\assertj-core-3.22.0.jar;D:\dependency\repository\org\hamcrest\hamcrest\2.2\hamcrest-2.2.jar;D:\dependency\repository\org\junit\jupiter\junit-jupiter\5.8.2\junit-jupiter-5.8.2.jar;D:\dependency\repository\org\junit\jupiter\junit-jupiter-api\5.8.2\junit-jupiter-api-5.8.2.jar;D:\dependency\repository\org\opentest4j\opentest4j\1.2.0\opentest4j-1.2.0.jar;D:\dependency\repository\org\junit\platform\junit-platform-commons\1.8.2\junit-platform-commons-1.8.2.jar;D:\dependency\repository\org\apiguardian\apiguardian-api\1.1.2\apiguardian-api-1.1.2.jar;D:\dependency\repository\org\junit\jupiter\junit-jupiter-params\5.8.2\junit-jupiter-params-5.8.2.jar;D:\dependency\repository\org\junit\jupiter\junit-jupiter-engine\5.8.2\junit-jupiter-engine-5.8.2.jar;D:\dependency\repository\org\junit\platform\junit-platform-engine\1.8.2\junit-platform-engine-1.8.2.jar;D:\dependency\repository\org\mockito\mockito-core\4.5.1\mockito-core-4.5.1.jar;D:\dependency\repository\net\bytebuddy\byte-buddy\1.12.23\byte-buddy-1.12.23.jar;D:\dependency\repository\net\bytebuddy\byte-buddy-agent\1.12.23\byte-buddy-agent-1.12.23.jar;D:\dependency\repository\org\objenesis\objenesis\3.2\objenesis-3.2.jar;D:\dependency\repository\org\mockito\mockito-junit-jupiter\4.5.1\mockito-junit-jupiter-4.5.1.jar;D:\dependency\repository\org\skyscreamer\jsonassert\1.5.1\jsonassert-1.5.1.jar;D:\dependency\repository\com\vaadin\external\google\android-json\0.0.20131108.vaadin1\android-json-0.0.20131108.vaadin1.jar;D:\dependency\repository\org\springframework\spring-core\5.3.29\spring-core-5.3.29.jar;D:\dependency\repository\org\springframework\spring-jcl\5.3.29\spring-jcl-5.3.29.jar;D:\dependency\repository\org\springframework\spring-test\5.3.29\spring-test-5.3.29.jar;D:\dependency\repository\org\xmlunit\xmlunit-core\2.9.1\xmlunit-core-2.9.1.jar;D:\dependency\repository\org\mybatis\spring\boot\mybatis-spring-boot-starter-test\2.3.1\mybatis-spring-boot-starter-test-2.3.1.jar;D:\dependency\repository\org\mybatis\spring\boot\mybatis-spring-boot-test-autoconfigure\2.3.1\mybatis-spring-boot-test-autoconfigure-2.3.1.jar;D:\dependency\repository\org\springframework\spring-tx\5.3.29\spring-tx-5.3.29.jar;D:\dependency\repository\org\projectlombok\lombok\1.18.28\lombok-1.18.28.jar;D:\dependency\repository\com\github\xiaoymin\knife4j-spring-boot-starter\3.0.2\knife4j-spring-boot-starter-3.0.2.jar;D:\dependency\repository\com\github\xiaoymin\knife4j-spring-boot-autoconfigure\3.0.2\knife4j-spring-boot-autoconfigure-3.0.2.jar;D:\dependency\repository\com\github\xiaoymin\knife4j-spring\3.0.2\knife4j-spring-3.0.2.jar;D:\dependency\repository\com\github\xiaoymin\knife4j-annotations\3.0.2\knife4j-annotations-3.0.2.jar;D:\dependency\repository\io\swagger\swagger-annotations\1.5.22\swagger-annotations-1.5.22.jar;D:\dependency\repository\io\swagger\core\v3\swagger-annotations\2.1.2\swagger-annotations-2.1.2.jar;D:\dependency\repository\com\github\xiaoymin\knife4j-core\3.0.2\knife4j-core-3.0.2.jar;D:\dependency\repository\org\javassist\javassist\3.25.0-GA\javassist-3.25.0-GA.jar;D:\dependency\repository\io\springfox\springfox-swagger2\3.0.0\springfox-swagger2-3.0.0.jar;D:\dependency\repository\io\springfox\springfox-spi\3.0.0\springfox-spi-3.0.0.jar;D:\dependency\repository\io\springfox\springfox-schema\3.0.0\springfox-schema-3.0.0.jar;D:\dependency\repository\io\springfox\springfox-swagger-common\3.0.0\springfox-swagger-common-3.0.0.jar;D:\dependency\repository\io\springfox\springfox-spring-web\3.0.0\springfox-spring-web-3.0.0.jar;D:\dependency\repository\io\github\classgraph\classgraph\4.8.83\classgraph-4.8.83.jar;D:\dependency\repository\io\springfox\springfox-spring-webflux\3.0.0\springfox-spring-webflux-3.0.0.jar;D:\dependency\repository\org\mapstruct\mapstruct\1.3.1.Final\mapstruct-1.3.1.Final.jar;D:\dependency\repository\io\springfox\springfox-spring-webmvc\3.0.0\springfox-spring-webmvc-3.0.0.jar;D:\dependency\repository\io\springfox\springfox-core\3.0.0\springfox-core-3.0.0.jar;D:\dependency\repository\io\springfox\springfox-oas\3.0.0\springfox-oas-3.0.0.jar;D:\dependency\repository\io\swagger\core\v3\swagger-models\2.1.2\swagger-models-2.1.2.jar;D:\dependency\repository\io\springfox\springfox-bean-validators\3.0.0\springfox-bean-validators-3.0.0.jar;D:\dependency\repository\io\swagger\swagger-models\1.5.22\swagger-models-1.5.22.jar;D:\dependency\repository\io\swagger\swagger-core\1.5.22\swagger-core-1.5.22.jar;D:\dependency\repository\org\apache\commons\commons-lang3\3.12.0\commons-lang3-3.12.0.jar;D:\dependency\repository\com\fasterxml\jackson\dataformat\jackson-dataformat-yaml\2.13.5\jackson-dataformat-yaml-2.13.5.jar;D:\dependency\repository\com\google\guava\guava\27.0.1-android\guava-27.0.1-android.jar;D:\dependency\repository\com\google\guava\failureaccess\1.0.1\failureaccess-1.0.1.jar;D:\dependency\repository\com\google\guava\listenablefuture\9999.0-empty-to-avoid-conflict-with-guava\listenablefuture-9999.0-empty-to-avoid-conflict-with-guava.jar;D:\dependency\repository\com\google\code\findbugs\jsr305\3.0.2\jsr305-3.0.2.jar;D:\dependency\repository\org\checkerframework\checker-compat-qual\2.5.2\checker-compat-qual-2.5.2.jar;D:\dependency\repository\com\google\errorprone\error_prone_annotations\2.2.0\error_prone_annotations-2.2.0.jar;D:\dependency\repository\com\google\j2objc\j2objc-annotations\1.1\j2objc-annotations-1.1.jar;D:\dependency\repository\org\codehaus\mojo\animal-sniffer-annotations\1.17\animal-sniffer-annotations-1.17.jar;D:\dependency\repository\javax\validation\validation-api\2.0.1.Final\validation-api-2.0.1.Final.jar;D:\dependency\repository\io\springfox\springfox-boot-starter\3.0.0\springfox-boot-starter-3.0.0.jar;D:\dependency\repository\io\springfox\springfox-data-rest\3.0.0\springfox-data-rest-3.0.0.jar;D:\dependency\repository\com\fasterxml\classmate\1.5.1\classmate-1.5.1.jar;D:\dependency\repository\org\springframework\plugin\spring-plugin-core\2.0.0.RELEASE\spring-plugin-core-2.0.0.RELEASE.jar;D:\dependency\repository\org\springframework\plugin\spring-plugin-metadata\2.0.0.RELEASE\spring-plugin-metadata-2.0.0.RELEASE.jar;D:\dependency\repository\com\github\xiaoymin\knife4j-spring-ui\3.0.2\knife4j-spring-ui-3.0.2.jar;D:\dependency\repository\com\aliyun\oss\aliyun-sdk-oss\3.15.1\aliyun-sdk-oss-3.15.1.jar;D:\dependency\repository\org\apache\httpcomponents\httpclient\4.5.14\httpclient-4.5.14.jar;D:\dependency\repository\org\apache\httpcomponents\httpcore\4.4.16\httpcore-4.4.16.jar;D:\dependency\repository\org\jdom\jdom2\2.0.6.1\jdom2-2.0.6.1.jar;D:\dependency\repository\org\codehaus\jettison\jettison\1.1\jettison-1.1.jar;D:\dependency\repository\stax\stax-api\1.0.1\stax-api-1.0.1.jar;D:\dependency\repository\com\aliyun\aliyun-java-sdk-core\4.5.10\aliyun-java-sdk-core-4.5.10.jar;D:\dependency\repository\com\google\code\gson\gson\2.9.1\gson-2.9.1.jar;D:\dependency\repository\commons-logging\commons-logging\1.2\commons-logging-1.2.jar;D:\dependency\repository\javax\xml\bind\jaxb-api\2.3.1\jaxb-api-2.3.1.jar;D:\dependency\repository\javax\activation\javax.activation-api\1.2.0\javax.activation-api-1.2.0.jar;D:\dependency\repository\org\jacoco\org.jacoco.agent\0.8.5\org.jacoco.agent-0.8.5-runtime.jar;D:\dependency\repository\org\ini4j\ini4j\0.5.4\ini4j-0.5.4.jar;D:\dependency\repository\io\opentracing\opentracing-api\0.33.0\opentracing-api-0.33.0.jar;D:\dependency\repository\io\opentracing\opentracing-util\0.33.0\opentracing-util-0.33.0.jar;D:\dependency\repository\io\opentracing\opentracing-noop\0.33.0\opentracing-noop-0.33.0.jar;D:\dependency\repository\com\aliyun\aliyun-java-sdk-ram\3.1.0\aliyun-java-sdk-ram-3.1.0.jar;D:\dependency\repository\com\aliyun\aliyun-java-sdk-kms\2.11.0\aliyun-java-sdk-kms-2.11.0.jar;D:\dependency\repository\com\auth0\java-jwt\3.4.0\java-jwt-3.4.0.jar;D:\dependency\repository\com\fasterxml\jackson\core\jackson-databind\2.13.5\jackson-databind-2.13.5.jar;D:\dependency\repository\com\fasterxml\jackson\core\jackson-annotations\2.13.5\jackson-annotations-2.13.5.jar;D:\dependency\repository\com\fasterxml\jackson\core\jackson-core\2.13.5\jackson-core-2.13.5.jar;D:\dependency\repository\commons-codec\commons-codec\1.15\commons-codec-1.15.jar;"/>
    <property name="sun.cpu.endian" value="little"/>
    <property name="user.home" value="C:\Users\86136"/>
    <property name="user.language" value="zh"/>
    <property name="java.specification.vendor" value="Oracle Corporation"/>
    <property name="java.home" value="C:\Program Files\Java\jdk1.8.0_192\jre"/>
    <property name="basedir" value="D:\code_github\Dream_java\java_chatroom"/>
    <property name="file.separator" value="\"/>
    <property name="line.separator" value="&#10;"/>
    <property name="java.vm.specification.vendor" value="Oracle Corporation"/>
    <property name="java.specification.name" value="Java Platform API Specification"/>
    <property name="java.awt.graphicsenv" value="sun.awt.Win32GraphicsEnvironment"/>
    <property name="surefire.real.class.path" value="C:\Users\86136\AppData\Local\Temp\surefire5170416568752198046\surefirebooter8811704447979154872.jar"/>
    <property name="sun.boot.class.path" value="C:\Program Files\Java\jdk1.8.0_192\jre\lib\resources.jar;C:\Program Files\Java\jdk1.8.0_192\jre\lib\rt.jar;C:\Program Files\Java\jdk1.8.0_192\jre\lib\sunrsasign.jar;C:\Program Files\Java\jdk1.8.0_192\jre\lib\jsse.jar;C:\Program Files\Java\jdk1.8.0_192\jre\lib\jce.jar;C:\Program Files\Java\jdk1.8.0_192\jre\lib\charsets.jar;C:\Program Files\Java\jdk1.8.0_192\jre\lib\jfr.jar;C:\Program Files\Java\jdk1.8.0_192\jre\classes"/>
    <property name="user.script" value=""/>
    <property name="sun.management.compiler" value="HotSpot 64-Bit Tiered Compilers"/>
    <property name="java.runtime.version" value="1.8.0_192-b12"/>
    <property name="user.name" value="86136"/>
    <property name="path.separator" value=";"/>
    <property name="os.version" value="10.0"/>
    <property name="java.endorsed.dirs" value="C:\Program Files\Java\jdk1.8.0_192\jre\lib\endorsed"/>
    <property name="java.runtime.name" value="Java(TM) SE Runtime Environment"/>
    <property name="file.encoding" value="GBK"/>
    <property name="java.vm.name" value="Java HotSpot(TM) 64-Bit Server VM"/>
    <property name="localRepository" value="D:\dependency\repository"/>
    <property name="java.vendor.url.bug" value="http://bugreport.sun.com/bugreport/"/>
    <property name="java.io.tmpdir" value="C:\Users\86136\AppData\Local\Temp\"/>
    <property name="idea.version" value="2023.2.5"/>
    <property name="java.version" value="1.8.0_192"/>
    <property name="user.dir" value="D:\code_github\Dream_java\java_chatroom"/>
    <property name="os.arch" value="amd64"/>
    <property name="java.vm.specification.name" value="Java Virtual Machine Specification"/>
    <property name="java.awt.printerjob" value="sun.awt.windows.WPrinterJob"/>
    <property name="sun.os.patch.level" value=""/>
    <property name="java.library.path" value="C:\Program Files\Java\jdk1.8.0_192\jre\bin;C:\WINDOWS\Sun\Java\bin;C:\WINDOWS\system32;C:\WINDOWS;D:\node;D:\jdk\bin;C:\Program Files\Java\jre1.8.0_192\bin;C:\Program Files\Common Files\Oracle\Java\javapath;C:\Program Files (x86)\Common Files\Oracle\Java\javapath;C:\Windows\system32;C:\Windows;C:\Windows\System32\Wbem;C:\Windows\System32\WindowsPowerShell\v1.0\;C:\Windows\System32\OpenSSH\;C:\Program Files (x86)\NVIDIA Corporation\PhysX\Common;C:\Program Files\NVIDIA Corporation\NVIDIA NvDLISR;C:\Program Files\Git\cmd;C:\Program Files\TortoiseGit\bin;D:\qq\Bin;C:\WINDOWS\system32;C:\WINDOWS;C:\WINDOWS\System32\Wbem;C:\WINDOWS\System32\WindowsPowerShell\v1.0\;C:\WINDOWS\System32\OpenSSH\;D:\add_to_path;D:\apache-maven-3.6.1\bin;D:\mysql\mysql-8.0.11-winx64\bin;D:\Xshell\;;D:\WeChat_development_tools\微信web开发者工具\dll;D:\python\Scripts\;D:\python\;C:\Users\86136\AppData\Local\Microsoft\WindowsApps;D:\VS code\Microsoft VS Code\bin;D:\fiddler;D:\IntelliJIDEA\IntelliJ IDEA 2021.2.3\bin;D:\WebStorm\WebStorm 2023.2.1\bin;D:\IDEACommunity\IntelliJ IDEA Community Edition 2021.2.3\bin;D:\cpolar_amd64\;C:\Users\86136\AppData\Local\JetBrains\Toolbox\scripts;;."/>
    <property name="java.vm.info" value="mixed mode"/>
    <property name="java.vendor" value="Oracle Corporation"/>
    <property name="java.vm.version" value="25.192-b12"/>
    <property name="java.ext.dirs" value="C:\Program Files\Java\jdk1.8.0_192\jre\lib\ext;C:\WINDOWS\Sun\Java\lib\ext"/>
    <property name="sun.io.unicode.encoding" value="UnicodeLittle"/>
    <property name="maven.repo.local" value="D:\dependency\repository"/>
    <property name="java.class.version" value="52.0"/>
  </properties>
  <testcase name="contextLoads" classname="com.example.demo.DemoApplicationTests" time="0.175"/>
</testsuite>